#
# There is insufficient memory for the Java Runtime Environment to continue.
# Native memory allocation (mmap) failed to map 4194304 bytes for G1 virtual space
# Possible reasons:
#   The system is out of physical RAM or swap space
#   The process is running with CompressedOops enabled, and the Java Heap may be blocking the growth of the native heap
# Possible solutions:
#   Reduce memory load on the system
#   Increase physical memory or swap space
#   Check if swap backing store is full
#   Decrease Java heap size (-Xmx/-Xms)
#   Decrease number of Java threads
#   Decrease Java thread stack sizes (-Xss)
#   Set larger code cache with -XX:ReservedCodeCacheSize=
#   JVM is running with Zero Based Compressed Oops mode in which the Java heap is
#     placed in the first 32GB address space. The Java Heap base address is the
#     maximum limit for the native heap growth. Please use -XX:HeapBaseMinAddress
#     to set the Java Heap base and to place the Java Heap above 32GB virtual address.
# This output file may be truncated or incomplete.
#
#  Out of Memory Error (./open/src/hotspot/os/windows/os_windows.cpp:3472), pid=13256, tid=21776
#
# JRE version:  (15.0.1+9) (build )
# Java VM: Java HotSpot(TM) 64-Bit Server VM (15.0.1+9-18, mixed mode, sharing, tiered, compressed oops, g1 gc, windows-amd64)
# No core dump will be written. Minidumps are not enabled by default on client versions of Windows
#

---------------  S U M M A R Y ------------

Command Line: -XX:TieredStopAtLevel=1 com.ironhack.emofcrmmicroservices.eurekaserver.EurekaServerApplication

Host: Intel(R) Core(TM) i5-7400 CPU @ 3.00GHz, 4 cores, 15G,  Windows 10 , 64 bit Build 19041 (10.0.19041.804)
Time: Tue Feb 23 19:27:17 2021 Hora estándar romance elapsed time: 0.013097 seconds (0d 0h 0m 0s)

---------------  T H R E A D  ---------------

Current thread (0x000002585ad861f0):  JavaThread "Unknown thread" [_thread_in_vm, id=21776, stack(0x000000f9af700000,0x000000f9af800000)]

Stack: [0x000000f9af700000,0x000000f9af800000]
Native frames: (J=compiled Java code, j=interpreted, Vv=VM code, C=native code)
V  [jvm.dll+0x62ae9a]
V  [jvm.dll+0x781389]
V  [jvm.dll+0x782ae3]
V  [jvm.dll+0x783143]
V  [jvm.dll+0x216265]
V  [jvm.dll+0x6281d9]
V  [jvm.dll+0x61cd15]
V  [jvm.dll+0x2d01fd]
V  [jvm.dll+0x2d0062]
V  [jvm.dll+0x2d603c]
V  [jvm.dll+0x325b53]
V  [jvm.dll+0x3251f4]
V  [jvm.dll+0x2a717a]
V  [jvm.dll+0x2a8318]
V  [jvm.dll+0x75e101]
V  [jvm.dll+0x3343e4]
V  [jvm.dll+0x73e826]
V  [jvm.dll+0x3b7777]
V  [jvm.dll+0x3b9201]
C  [jli.dll+0x52fb]
C  [ucrtbase.dll+0x21bb2]
C  [KERNEL32.DLL+0x17034]
C  [ntdll.dll+0x4d241]


---------------  P R O C E S S  ---------------

Threads class SMR info:
_java_thread_list=0x00007ffc9a9a4ff0, length=0, elements={
}

Java Threads: ( => current thread )

Other Threads:
  0x000002585add4230 GCTaskThread "GC Thread#0" [stack: 0x000000f9af800000,0x000000f9af900000] [id=16724]
  0x000002585ade52d0 ConcurrentGCThread "G1 Main Marker" [stack: 0x000000f9af900000,0x000000f9afa00000] [id=11852]
  0x000002585ade5ec0 ConcurrentGCThread "G1 Conc#0" [stack: 0x000000f9afa00000,0x000000f9afb00000] [id=9224]

[error occurred during error reporting (printing all threads), id 0xc0000005, EXCEPTION_ACCESS_VIOLATION (0xc0000005) at pc=0x00007ffc9a198047]

VM state: not at safepoint (not fully initialized)

VM Mutex/Monitor currently owned by a thread:  ([mutex/lock_event])
[0x000002585ad839c0] Heap_lock - owner thread: 0x000002585ad861f0

Heap address: 0x0000000700a00000, size: 4086 MB, Compressed Oops mode: Zero based, Oop shift amount: 3
CDS archive(s) mapped at: [0x0000000000000000-0x0000000000000000-0x0000000000000000), size 0, SharedBaseAddress: 0x0000000800000000, ArchiveRelocationMode: 0.
Narrow klass base: 0x0000000000000000, Narrow klass shift: 0, Narrow klass range: 0x0

Heap:
 garbage-first heap   total 262144K, used 0K [0x0000000700a00000, 0x0000000800000000)
  region size 2048K, 0 young (0K), 0 survivors (0K)
 Metaspace       used 0K, capacity 0K, committed 0K, reserved 0K
  class space    used 0K, capacity 0K, committed 0K, reserved 0K

Heap Regions: E=young(eden), S=young(survivor), O=old, HS=humongous(starts), HC=humongous(continues), CS=collection set, F=free, OA=open archive, CA=closed archive, TAMS=top-at-mark-start (previous, next)

Card table byte_map: [0x00000258727b0000,0x0000025872fb0000] _byte_map_base: 0x000002586efab000

Marking Bits (Prev, Next): (CMBitMap*) 0x000002585add4a20, (CMBitMap*) 0x000002585add4a60
 Prev Bits: [0x00000258737b0000, 0x0000025877788000)
 Next Bits: [0x0000025877790000, 0x000002587b768000)

GC Heap History (0 events):
No events

Deoptimization events (0 events):
No events

Classes unloaded (0 events):
No events

Classes redefined (0 events):
No events

Internal exceptions (0 events):
No events

Events (1 events):
Event: 0.007 Loaded shared library C:\Program Files\Java\jdk-15.0.1\bin\java.dll


Dynamic libraries:
0x00007ff673800000 - 0x00007ff67380f000 	C:\Program Files\Java\jdk-15.0.1\bin\java.exe
0x00007ffd112b0000 - 0x00007ffd114a6000 	C:\WINDOWS\SYSTEM32\ntdll.dll
0x00007ffd0fd20000 - 0x00007ffd0fddd000 	C:\WINDOWS\System32\KERNEL32.DLL
0x00007ffd0f040000 - 0x00007ffd0f309000 	C:\WINDOWS\System32\KERNELBASE.dll
0x00007ffd0ecb0000 - 0x00007ffd0edb0000 	C:\WINDOWS\System32\ucrtbase.dll
0x00007ffcf14c0000 - 0x00007ffcf14d8000 	C:\Program Files\Java\jdk-15.0.1\bin\jli.dll
0x00007ffd10a60000 - 0x00007ffd10b0c000 	C:\WINDOWS\System32\ADVAPI32.dll
0x00007ffd0f690000 - 0x00007ffd0f72e000 	C:\WINDOWS\System32\msvcrt.dll
0x00007ffd0f730000 - 0x00007ffd0f7cc000 	C:\WINDOWS\System32\sechost.dll
0x00007ffd10c40000 - 0x00007ffd10d6b000 	C:\WINDOWS\System32\RPCRT4.dll
0x00007ffd10840000 - 0x00007ffd109e0000 	C:\WINDOWS\System32\USER32.dll
0x00007ffd0e9f0000 - 0x00007ffd0ea12000 	C:\WINDOWS\System32\win32u.dll
0x00007ffd0fcf0000 - 0x00007ffd0fd1a000 	C:\WINDOWS\System32\GDI32.dll
0x00007ffd0edb0000 - 0x00007ffd0eebb000 	C:\WINDOWS\System32\gdi32full.dll
0x00007ffd0efa0000 - 0x00007ffd0f03d000 	C:\WINDOWS\System32\msvcp_win.dll
0x00007ffcfdfb0000 - 0x00007ffcfdfc9000 	C:\Program Files\Java\jdk-15.0.1\bin\VCRUNTIME140.dll
0x00007ffcf9710000 - 0x00007ffcf99ab000 	C:\WINDOWS\WinSxS\amd64_microsoft.windows.common-controls_6595b64144ccf1df_6.0.19041.746_none_ca02b4b61b8320a4\COMCTL32.dll
0x00007ffd07980000 - 0x00007ffd0798a000 	C:\WINDOWS\SYSTEM32\VERSION.dll
0x00007ffd0ff70000 - 0x00007ffd0ffa0000 	C:\WINDOWS\System32\IMM32.DLL
0x00007ffd0a240000 - 0x00007ffd0a24c000 	C:\Program Files\Java\jdk-15.0.1\bin\vcruntime140_1.dll
0x00007ffcec7f0000 - 0x00007ffcec881000 	C:\Program Files\Java\jdk-15.0.1\bin\msvcp140.dll
0x00007ffc99ee0000 - 0x00007ffc9aa3e000 	C:\Program Files\Java\jdk-15.0.1\bin\server\jvm.dll
0x00007ffd0ff00000 - 0x00007ffd0ff08000 	C:\WINDOWS\System32\PSAPI.DLL
0x00007ffcfa230000 - 0x00007ffcfa239000 	C:\WINDOWS\SYSTEM32\WSOCK32.dll
0x00007ffd0fc80000 - 0x00007ffd0fceb000 	C:\WINDOWS\System32\WS2_32.dll
0x00007ffd04c90000 - 0x00007ffd04cb7000 	C:\WINDOWS\SYSTEM32\WINMM.dll
0x00007ffd0c960000 - 0x00007ffd0c972000 	C:\WINDOWS\SYSTEM32\kernel.appcore.dll
0x00007ffd0a040000 - 0x00007ffd0a04a000 	C:\Program Files\Java\jdk-15.0.1\bin\jimage.dll
0x00007ffcfc000000 - 0x00007ffcfc1e4000 	C:\WINDOWS\SYSTEM32\DBGHELP.DLL
0x00007ffcfb220000 - 0x00007ffcfb24c000 	C:\WINDOWS\SYSTEM32\dbgcore.DLL
0x00007ffd0eec0000 - 0x00007ffd0ef40000 	C:\WINDOWS\System32\bcryptPrimitives.dll
0x00007ffced920000 - 0x00007ffced945000 	C:\Program Files\Java\jdk-15.0.1\bin\java.dll

dbghelp: loaded successfully - version: 4.0.5 - missing functions: none
symbol engine: initialized successfully - sym options: 0x614 - pdb path: .;C:\Program Files\Java\jdk-15.0.1\bin;C:\WINDOWS\SYSTEM32;C:\WINDOWS\WinSxS\amd64_microsoft.windows.common-controls_6595b64144ccf1df_6.0.19041.746_none_ca02b4b61b8320a4;C:\Program Files\Java\jdk-15.0.1\bin\server

VM Arguments:
jvm_args: -XX:TieredStopAtLevel=1 
java_command: com.ironhack.emofcrmmicroservices.eurekaserver.EurekaServerApplication
java_class_path (initial): C:\Users\adria\OneDrive\Programming\Ironhack\Full Stack Web Development Santander\Homework Projects\emof-crm-microservices\eureka-server\target\classes;C:\Users\adria\.m2\repository\ch\qos\logback\logback-classic\1.2.3\logback-classic-1.2.3.jar;C:\Users\adria\.m2\repository\ch\qos\logback\logback-core\1.2.3\logback-core-1.2.3.jar;C:\Users\adria\.m2\repository\org\apache\logging\log4j\log4j-to-slf4j\2.13.3\log4j-to-slf4j-2.13.3.jar;C:\Users\adria\.m2\repository\org\apache\logging\log4j\log4j-api\2.13.3\log4j-api-2.13.3.jar;C:\Users\adria\.m2\repository\org\slf4j\jul-to-slf4j\1.7.30\jul-to-slf4j-1.7.30.jar;C:\Users\adria\.m2\repository\jakarta\annotation\jakarta.annotation-api\1.3.5\jakarta.annotation-api-1.3.5.jar;C:\Users\adria\.m2\repository\org\yaml\snakeyaml\1.27\snakeyaml-1.27.jar;C:\Users\adria\.m2\repository\com\fasterxml\jackson\core\jackson-databind\2.11.4\jackson-databind-2.11.4.jar;C:\Users\adria\.m2\repository\com\fasterxml\jackson\core\jackson-annotations\2.11.4\jackson-annotations-2.11.4.jar;C:\Users\adria\.m2\repository\com\fasterxml\jackson\core\jackson-core\2.11.4\jackson-core-2.11.4.jar;C:\Users\adria\.m2\repository\com\fasterxml\jackson\datatype\jackson-datatype-jdk8\2.11.4\jackson-datatype-jdk8-2.11.4.jar;C:\Users\adria\.m2\repository\com\fasterxml\jackson\datatype\jackson-datatype-jsr310\2.11.4\jackson-datatype-jsr310-2.11.4.jar;C:\Users\adria\.m2\repository\com\fasterxml\jackson\module\jackson-module-parameter-names\2.11.4\jackson-module-parameter-names-2.11.4.jar;C:\Users\adria\.m2\repository\org\apache\tomcat\embed\tomcat-embed-core\9.0.43\tomcat-embed-core-9.0.43.jar;C:\Users\adria\.m2\repository\org\glassfish\jakarta.el\3.0.3\jakarta.el-3.0.3.jar;C:\Users\adria\.m2\repository\org\apache\tomcat\embed\tomcat-embed-websocket\9.0.43\tomcat-embed-websocket-9.0.43.jar;C:\Users\adria\.m2\repository\org\springframework\spring-web\5.3.4\spring-web-5.3.4.jar;C:\Users\adria\.m2\repository\org\springframework\spring-beans\5.
Launcher Type: SUN_STANDARD

[Global flags]
     intx CICompilerCount                          = 3                                         {product} {ergonomic}
     uint ConcGCThreads                            = 1                                         {product} {ergonomic}
     uint G1ConcRefinementThreads                  = 4                                         {product} {ergonomic}
   size_t G1HeapRegionSize                         = 2097152                                   {product} {ergonomic}
    uintx GCDrainStackTargetSize                   = 64                                        {product} {ergonomic}
   size_t InitialHeapSize                          = 268435456                                 {product} {ergonomic}
   size_t MarkStackSize                            = 4194304                                   {product} {ergonomic}
   size_t MaxHeapSize                              = 4284481536                                {product} {ergonomic}
   size_t MinHeapDeltaBytes                        = 2097152                                   {product} {ergonomic}
   size_t MinHeapSize                              = 8388608                                   {product} {ergonomic}
    uintx NonNMethodCodeHeapSize                   = 6973028                                {pd product} {ergonomic}
    uintx NonProfiledCodeHeapSize                  = 244685212                              {pd product} {ergonomic}
    uintx ProfiledCodeHeapSize                     = 0                                      {pd product} {ergonomic}
    uintx ReservedCodeCacheSize                    = 251658240                              {pd product} {ergonomic}
     bool SegmentedCodeCache                       = true                                      {product} {ergonomic}
   size_t SoftMaxHeapSize                          = 4284481536                             {manageable} {ergonomic}
     intx TieredStopAtLevel                        = 1                                         {product} {command line}
     bool UseCompressedClassPointers               = true                                 {lp64_product} {ergonomic}
     bool UseCompressedOops                        = true                                 {lp64_product} {ergonomic}
     bool UseG1GC                                  = true                                      {product} {ergonomic}
     bool UseLargePagesIndividualAllocation        = false                                  {pd product} {ergonomic}

Logging:
Log output configuration:
 #0: stdout all=warning uptime,level,tags
 #1: stderr all=off uptime,level,tags

Environment Variables:
JAVA_HOME=C:/Program Files/Java/jdk-15.0.1
PATH=C:\Program Files\Git\mingw64\bin;C:\Program Files\Git\usr\bin;C:\Users\adria\bin;C:\Program Files\Java\jdk-11.0.2\bin;C:\Program Files\Common Files\Oracle\Java\javapath;C:\Program Files (x86)\Rockwell Software\RSCommon;C:\Program Files (x86)\Common Files\Oracle\Java\javapath;C:\Windows\system32;C:\Windows;C:\Windows\System32\Wbem;C:\Windows\System32\WindowsPowerShell\v1.0;C:\Windows\System32\OpenSSH;C:\Program Files (x86)\NVIDIA Corporation\PhysX\Common;C:\Program Files\MATLAB\R2019a\runtime\win64;C:\Program Files\MATLAB\R2019a\bin;D:\Matlab\bin;C:\Program Files\NVIDIA Corporation\NVIDIA NvDLISR;C:\TDM-GCC-64\bin;C:\Program Files (x86)\Common Files\Rockwell;C:\WINDOWS\system32;C:\WINDOWS;C:\WINDOWS\System32\Wbem;C:\WINDOWS\System32\WindowsPowerShell\v1.0;C:\WINDOWS\System32\OpenSSH;C:\Program Files (x86)\SMLNJ\bin;C:\Program Files\PuTTY;C:\Program Files\dotnet;C:\Program Files\Git\cmd;D:\apache-maven-3.6.3\bin;D:\nodejs;C:\Program Files\MySQL\MySQL Shell 8.0\bin;C:\Users\adria\AppData\Local\Microsoft\WindowsApps;D:\Microsoft VS Code\bin;C:\Users\adria\.dotnet\tools;D:\Android\platform-tools;C:\Users\adria\AppData\Local\atom\bin;C:\Users\adria\AppData\Local\GitHubDesktop\bin;C:\Program Files\Java\jdk-15.0.1\bin;C:\Users\adria\AppData\Roaming\npm
USERNAME=adria
LC_ALL=en_US.UTF-8
OS=Windows_NT
PROCESSOR_IDENTIFIER=Intel64 Family 6 Model 158 Stepping 9, GenuineIntel



---------------  S Y S T E M  ---------------

OS:
 Windows 10 , 64 bit Build 19041 (10.0.19041.804)
OS uptime: 0 days 10:36 hours

CPU: total 4 (initial active 4) (4 cores per cpu, 1 threads per core) family 6 model 158 stepping 9 microcode 0xb4, cmov, cx8, fxsr, mmx, sse, sse2, sse3, ssse3, sse4.1, sse4.2, popcnt, vzeroupper, avx, avx2, aes, clmul, erms, 3dnowpref, lzcnt, tsc, tscinvbit, bmi1, bmi2, adx, fma, clflush, clflushopt

Memory: 4k page, system-wide physical 16343M (3608M free)
TotalPageFile size 16343M (AvailPageFile size 8M)
current process WorkingSet (physical memory assigned to process): 10M, peak: 10M
current process commit charge ("private bytes"): 310M, peak: 314M

vm_info: Java HotSpot(TM) 64-Bit Server VM (15.0.1+9-18) for windows-amd64 JRE (15.0.1+9-18), built on Sep 15 2020 14:43:54 by "mach5one" with unknown MS VC++:1925

END.
